                                                          Cloudy 23.01
                                                         www.nublado.org

                                                  PRNG seed: 0x12666f0f7d3da9eb

                       **************************************23Jul25**************************************
                       *                                                                                 *
                       * title my model grid -1.00 0.20 8.00                                             *
                       * set punch prefix "my_model_grid_-4_0.2_0_8"                                     *
                       * radius 10000 linear parsecs                                                     *
                       * #distance = 15000.0 parsecs linear                                              *
                       * table SED "cloudy_continuum_model_8.sed"                                        *
                       * ionization parameter -4.00                                                      *
                       * #luminosity 45                                                                  *
                       * hden 0                                                                          *
                       * grains ism                                                                      *
                       * #<<< mie_read_opc reading file -- graphite_ism_10.opc                      >>>> *
                       * #<<< mie_read_opc reading file -- silicate_ism_10.opc                      >>>> *
                       * metals deplete                                                                  *
                       * metals and grains 0.2                                                           *
                       * element scale factor nitrogen 0.2                                               *
                       * no molecules                                                                    *
                       * no level2 lines                                                                 *
                       * no fine opacities                                                               *
                       * atom h-like levels small                                                        *
                       * atom he-like levels small                                                       *
                       * COSMIC RAY BACKGROUND                                                           *
                       * element limit off -8                                                            *
                       * print line optical depth                                                        *
                       * iterate to convergence                                                          *
                       * save last linelist ".lin" "/Users/lupj/Cloudy/data/CloudyLines.dat" absolute column*
                       * stop radius 20000 linear parsecs                                                *
                       * save last radius ".rad"                                                         *
                       * save last continuum ".cont"                                                     *
                       * save last physical conditions ".phy"                                            *
                       * save last overview ".ovr"                                                       *
                       * save last heating ".heat"                                                       *
                       * save last cooling ".cool"                                                       *
                       * save last optical depth ".opd"                                                  *
                       * save last element hydrogen ".ele_H"                                             *
                       * save last element helium ".ele_He"                                              *
                       * save last element carbon ".ele_C"                                               *
                       * save last element nitrogen ".ele_N"                                             *
                       * save last element oxygen ".ele_O"                                               *
                       * save last element argon ".ele_Ar"                                               *
                       * save last element neon ".ele_Ne"                                                *
                       * save last element sulphur ".ele_S"                                              *
                       * save last element chlorin ".ele_Cl"                                             *
                       * save last element iron ".ele_Fe"                                                *
                       * save last element silicon ".ele_Si"                                             *
                       * save last lines emissivity ".emis"                                              *
                       *                                                                                 *
                       ***********************************************************************************



 NOTE Setcon: continuum has zero intensity starting at  3.0447e-09 Ryd.
  2638 cells in the incident continuum have zero intensity.  Problems???

           9244CellPeak1.00E+00   Lo 3.04e-09=  29.98m   Hi-Con:7.13E+06 Ryd   E(hi):7.35E+06Ryd     E(hi):     100.00 MeV
           I(nu>1ryd):  -3.6868   Average nu:3.147E+00   I( X-ray):  -4.6632   I(BalC):  -4.3688     Phi(BalmrC):   6.5660
           phi(1.0-1.8): 6.1343   phi(1.8-4.0):  6.040   phi(4.0-20):  5.718   phi(20--):  4.185     Ion pht flx:2.998E+06
           I(gam ray): -18.5184   phi(gam r): -11.7466   I(Infred):  -4.8754   Alf(ox):  -1.3716     Total inten:  -3.5821
           U(1.0----):1.000E-04   U(4.0----):1.795E-05   T(En-Den):1.036E+00   T(Comp):2.045E+06     nuJnu(912A):5.321E-05
           Occ(FarIR):0.000E+00   Occ(H n=6):8.624E-17   Occ(1Ryd):2.454E-21   Occ(4R):1.274E-23     Occ (Nu-hi):0.000E+00
           Tbr(FarIR):0.000E+00   Tbr(H n=6):3.777E-13   Tbr(1Ryd):3.873E-16   Tbr(4R):8.059E-18     Tbr (Nu-hi):0.000E+00
  
                                                  Gas Phase Chemical Composition
        H :  0.0000  He: -1.0000  C : -4.7077  N : -5.4680  O : -4.2306  Ne: -4.6990  Na: -7.0675  Mg: -5.8576  Si: -6.6815
                                  P : -7.7959  S : -5.4342  Cl: -7.8159  Ar: -6.2993  Fe: -7.2487
 
                                                    Grain Chemical Composition
                                  C : -4.2543  O : -4.5810  Mg: -5.1831  Si: -5.1831  Fe: -5.1831
                                                   Sum Atoms Depleted: -3.3541
                                                   Depletion/Grains-1: 335.50%
 
              Number of grains per hydrogen (scale=1)                         Mass of grains per hydrogen (scale=1)
        Carbonaceous: -10.510  Silicate: -10.446  PAH: -30.000         Carbonaceous: -3.175  Silicate: -2.947  PAH: -30.000

 ####  1  Te:1.224E+04 Hden:1.000E+00 Ne:1.033E+00 R:3.086E+22 R-R0:1.713E+15 dR:3.426E+15 NTR: 10 Htot:4.258E-24 T912: 1.49e-03###
 Hydrogen      6.87e-02 9.31e-01 H+o/Hden 1.00e+00 0.00e+00 H-    H2 0.00e+00 0.00e+00 H2+ HeH+ 0.00e+00 Ho+ ColD 2.35e+14 3.19e+15
 Helium        6.08e-02 8.08e-01 1.31e-01 HeI 2s3S 1.09e-09 Comp H,C 2.46e-31 1.47e-33 Fill Fac 1.00e+00 Gam1/tot 9.97e-01
 He singlet n  6.08e-02 1.42e-16 9.47e-23 9.01e-23 8.05e-23 1.30e-22 He tripl 1.09e-09 9.93e-21 2.19e-22 2.22e-21 3.59e-22
 Pressure      NgasTgas 2.61e+04 P(total) 3.61e-12 P( gas ) 3.61e-12 P(Radtn) 0.00e+00 Rad accl 3.63e-10 ForceMul 1.41e+05
 Texc(La)      2.54e+03 T(I con) 1.04e+00 T(D con) 1.09e-01 T(U tot) 1.04e+00 nT (c+d) 2.77e+05 Prad/Gas 0.00e+00 Pmag/Gas 0.00e+00
 gra-ism01  *  DustTemp 1.56e+01 Pot Volt-2.14e+00 Chrg (e)-9.83e+00 drf cm/s 7.60e+02 Heating: 5.56e-28 Frac tot 1.31e-04
 gra-ism02  *  DustTemp 1.47e+01 Pot Volt-2.15e+00 Chrg (e)-1.41e+01 drf cm/s 1.04e+03 Heating: 4.35e-28 Frac tot 1.02e-04
 gra-ism03  *  DustTemp 1.39e+01 Pot Volt-2.15e+00 Chrg (e)-2.04e+01 drf cm/s 1.31e+03 Heating: 3.13e-28 Frac tot 7.36e-05
 gra-ism04  *  DustTemp 1.31e+01 Pot Volt-2.16e+00 Chrg (e)-2.97e+01 drf cm/s 1.50e+03 Heating: 2.19e-28 Frac tot 5.15e-05
 gra-ism05  *  DustTemp 1.24e+01 Pot Volt-2.16e+00 Chrg (e)-4.35e+01 drf cm/s 1.65e+03 Heating: 1.51e-28 Frac tot 3.56e-05
 gra-ism06  *  DustTemp 1.16e+01 Pot Volt-2.15e+00 Chrg (e)-6.37e+01 drf cm/s 1.76e+03 Heating: 1.04e-28 Frac tot 2.45e-05
 gra-ism07  *  DustTemp 1.09e+01 Pot Volt-2.15e+00 Chrg (e)-9.36e+01 drf cm/s 1.83e+03 Heating: 7.30e-29 Frac tot 1.72e-05
 gra-ism08  *  DustTemp 1.03e+01 Pot Volt-2.14e+00 Chrg (e)-1.37e+02 drf cm/s 1.86e+03 Heating: 5.21e-29 Frac tot 1.22e-05
 gra-ism09  *  DustTemp 9.63e+00 Pot Volt-2.13e+00 Chrg (e)-2.02e+02 drf cm/s 1.87e+03 Heating: 3.81e-29 Frac tot 8.95e-06
 gra-ism10  *  DustTemp 9.00e+00 Pot Volt-2.13e+00 Chrg (e)-2.97e+02 drf cm/s 1.87e+03 Heating: 2.85e-29 Frac tot 6.70e-06
 sil-ism01  *  DustTemp 1.60e+01 Pot Volt-2.24e+00 Chrg (e)-1.02e+01 drf cm/s 7.21e+02 Heating: 3.48e-28 Frac tot 8.18e-05
 sil-ism02  *  DustTemp 1.51e+01 Pot Volt-2.23e+00 Chrg (e)-1.46e+01 drf cm/s 9.93e+02 Heating: 2.90e-28 Frac tot 6.80e-05
 sil-ism03  *  DustTemp 1.43e+01 Pot Volt-2.21e+00 Chrg (e)-2.09e+01 drf cm/s 1.28e+03 Heating: 2.25e-28 Frac tot 5.29e-05
 sil-ism04  *  DustTemp 1.35e+01 Pot Volt-2.20e+00 Chrg (e)-3.03e+01 drf cm/s 1.54e+03 Heating: 1.67e-28 Frac tot 3.92e-05
 sil-ism05  *  DustTemp 1.28e+01 Pot Volt-2.19e+00 Chrg (e)-4.41e+01 drf cm/s 1.72e+03 Heating: 1.19e-28 Frac tot 2.79e-05
 sil-ism06  *  DustTemp 1.20e+01 Pot Volt-2.18e+00 Chrg (e)-6.46e+01 drf cm/s 1.85e+03 Heating: 8.28e-29 Frac tot 1.95e-05
 sil-ism07  *  DustTemp 1.13e+01 Pot Volt-2.18e+00 Chrg (e)-9.47e+01 drf cm/s 1.94e+03 Heating: 5.77e-29 Frac tot 1.35e-05
 sil-ism08  *  DustTemp 1.06e+01 Pot Volt-2.17e+00 Chrg (e)-1.39e+02 drf cm/s 1.99e+03 Heating: 4.07e-29 Frac tot 9.56e-06
 sil-ism09  *  DustTemp 9.93e+00 Pot Volt-2.16e+00 Chrg (e)-2.04e+02 drf cm/s 2.01e+03 Heating: 2.94e-29 Frac tot 6.91e-06
 sil-ism10  *  DustTemp 9.30e+00 Pot Volt-2.15e+00 Chrg (e)-3.00e+02 drf cm/s 2.00e+03 Heating: 2.18e-29 Frac tot 5.12e-06
 Lithium       0.00e+00 0.00e+00 0.00e+00 0.00e+00 Berylliu 0.00e+00 0.00e+00 0.00e+00 0.00e+00 0.00e+00 sec ion: 2.08e-16
 Carbon        1.64e-02 5.81e-01 4.02e-01 8.79e-04 9.72e-06 0.00e+00 0.00e+00 H2O+/O   0.00e+00 OH+/Otot 0.00e+00 Hex(tot) 0.00e+00
 Nitrogen      2.66e-02 9.02e-01 7.09e-02 2.37e-04 4.95e-07 0.00e+00 0.00e+00 0.00e+00 O2/Ototl 0.00e+00 O2+/Otot 0.00e+00
 Oxygen        7.70e-02 8.57e-01 6.62e-02 2.65e-04 1.51e-06 0.00e+00 0.00e+00 0.00e+00 0.00e+00
 Neon          3.46e-03 2.61e-01 7.33e-01 2.68e-03 2.34e-06 0.00e+00 0.00e+00 0.00e+00 0.00e+00 0.00e+00 0.00e+00
 Sodium        3.98e-05 2.34e-01 7.60e-01 5.36e-03 8.74e-05 0.00e+00 0.00e+00 0.00e+00 0.00e+00 0.00e+00 0.00e+00 0.00e+00
 Magnesium     1.28e-02 1.93e-01 7.92e-01 2.05e-03 2.11e-06 0.00e+00 0.00e+00 0.00e+00 0.00e+00 0.00e+00 0.00e+00 0.00e+00 0.00e+00
 Silicon    0  3.59e-03 7.15e-01 2.69e-01 1.26e-02 2.21e-04 0.00e+00 0.00e+00 0.00e+00 0.00e+00 0.00e+00 0.00e+00 0.00e+00 0.00e+00
 Phosphorus 0  5.74e-04 8.29e-01 1.61e-01 9.55e-03 1.07e-04 4.17e-06 0.00e+00 0.00e+00 0.00e+00 0.00e+00 0.00e+00 0.00e+00 0.00e+00
 Sulphur    0  8.02e-03 5.87e-01 4.03e-01 2.11e-03 8.09e-05 3.11e-06 0.00e+00 0.00e+00 0.00e+00 0.00e+00 0.00e+00 0.00e+00 0.00e+00
 Chlorine   0  8.43e-04 6.62e-01 3.35e-01 2.12e-03 3.38e-05 1.28e-06 0.00e+00 0.00e+00 0.00e+00 0.00e+00 0.00e+00 0.00e+00 0.00e+00
 Argon      0  2.10e-03 1.48e-01 8.47e-01 1.95e-03 4.16e-05 1.74e-06 0.00e+00 0.00e+00 0.00e+00 0.00e+00 0.00e+00 0.00e+00 0.00e+00
 Iron       0  1.07e-04 3.19e-01 6.56e-01 2.41e-02 5.43e-04 3.87e-05 1.97e-07 0.00e+00 0.00e+00 0.00e+00 0.00e+00 0.00e+00 0.00e+00



 PROBLEM DISASTER
 An assert has been thrown, this is bad.
 Failed: wid == 0.
 It happened in the file grains_qheat.cpp at line number 2047
 This is iteration 1, nzone 174, fzone 174.01, lgSearch=F.



           vvvvvvvvvvvvvvvvvvvvvvvvvvvvvvvvvvvvvvvvv 
          > PROBLEM DISASTER PROBLEM DISASTER.      <
          > Sorry, something bad has happened.      <
          > Please post this on the Cloudy web site <
          > discussion board at www.nublado.org     <
          > Please send all following information:  <
           ^^^^^^^^^^^^^^^^^^^^^^^^^^^^^^^^^^^^^^^^^ 


 Cloudy version number is 23.01
 Cloudy compiled on Jul  4 2024 in OS Apple MacOS using the clang++ 1500 compiler. Mode I32LP64, denormalized float: T double: T.
 PRNG seed: 0x12666f0f7d3da9eb

    0 warnings,  0 cautions,  0 temperature failures.

 Input commands follow:
c ======================
title my model grid -1.00 0.20 8.00
set punch prefix "my_model_grid_-4_0.2_0_8"
radius 10000 linear parsecs
#distance = 15000.0 parsecs linear
table SED "cloudy_continuum_model_8.sed"
ionization parameter -4.00
#luminosity 45
hden 0
grains ism
metals deplete
metals and grains 0.2
element scale factor nitrogen 0.2
no molecules
no level2 lines
no fine opacities
atom h-like levels small
atom he-like levels small
COSMIC RAY BACKGROUND
element limit off -8
print line optical depth
iterate to convergence
save last linelist ".lin" "/Users/lupj/Cloudy/data/CloudyLines.dat" absolute column
stop radius 20000 linear parsecs
save last radius ".rad"
save last continuum ".cont"
save last physical conditions ".phy"
save last overview ".ovr"
save last heating ".heat"
save last cooling ".cool"
save last optical depth ".opd"
save last element hydrogen ".ele_H"
save last element helium ".ele_He"
save last element carbon ".ele_C"
save last element nitrogen ".ele_N"
save last element oxygen ".ele_O"
save last element argon ".ele_Ar"
save last element neon ".ele_Ne"
save last element sulphur ".ele_S"
save last element chlorin ".ele_Cl"
save last element iron ".ele_Fe"
save last element silicon ".ele_Si"
save last lines emissivity ".emis"
H  1  4340.94A
H  1  4861.36A
H  1  6562.85A
Ca B  5875.64A
N  2  6583.45A
O  1  6300.30A
O  2  3726.03A
O  2  3728.81A
O  3  5006.84A
BLND  4363.00A
S  2  6716.44A
S  2  6730.82A
Cl 3  5517.71A
Cl 3  5537.87A
O  1  63.1679m
O  1  145.495m
C  2  157.636m
He 2  4686.01A
end of lines
c ======================

PRNG seed: 0x12666f0f7d3da9eb

Backtrace follows:

1   cloudy.exe                          0x00000001021cce34 bad_assert::bad_assert(char const*, long, char const*) + 56
2   cloudy.exe                          0x000000010223e1c4 qheat(std::__1::vector<double, std::__1::allocator<double>>&, std::__1::vector<double, std::__1::allocator<double>>&, long*, unsigned long) + 14472
3   cloudy.exe                          0x000000010223a28c GrainMakeDiffuse() + 724
4   cloudy.exe                          0x00000001023a0b70 RT_diffuse() + 4788
5   cloudy.exe                          0x00000001021d2238 cloudy() + 536
6   cloudy.exe                          0x00000001021cd0a0 cdDrive() + 388
7   cloudy.exe                          0x0000000102191630 cdMain(int, char const**) + 2916
8   cloudy.exe                          0x0000000102190078 main + 1384
9   dyld                                0x0000000192103f28 start + 2236

