                                                          Cloudy 23.01
                                                         www.nublado.org

                                                  PRNG seed: 0xd2db0a60801d8b20

                       **************************************23Jul25**************************************
                       *                                                                                 *
                       * title my model grid -1.00 0.20 8.00                                             *
                       * set punch prefix "my_model_grid_-3_1_-1_33"                                     *
                       * radius 10000 linear parsecs                                                     *
                       * #distance = 15000.0 parsecs linear                                              *
                       * table SED "cloudy_continuum_model_33.sed"                                       *
                       * ionization parameter -3.00                                                      *
                       * #luminosity 45                                                                  *
                       * hden -1                                                                         *
                       * grains ism                                                                      *
                       * #<<< mie_read_opc reading file -- graphite_ism_10.opc                      >>>> *
                       * #<<< mie_read_opc reading file -- silicate_ism_10.opc                      >>>> *
                       * metals deplete                                                                  *
                       * metals and grains 1                                                             *
                       * element scale factor nitrogen 0.2                                               *
                       * no molecules                                                                    *
                       * no level2 lines                                                                 *
                       * no fine opacities                                                               *
                       * atom h-like levels small                                                        *
                       * atom he-like levels small                                                       *
                       * COSMIC RAY BACKGROUND                                                           *
                       * element limit off -8                                                            *
                       * print line optical depth                                                        *
                       * iterate to convergence                                                          *
                       * save last linelist ".lin" "/Users/lupj/Cloudy/data/CloudyLines.dat" absolute column*
                       * stop radius 20000 linear parsecs                                                *
                       * save last radius ".rad"                                                         *
                       * save last continuum ".cont"                                                     *
                       * save last physical conditions ".phy"                                            *
                       * save last overview ".ovr"                                                       *
                       * save last heating ".heat"                                                       *
                       * save last cooling ".cool"                                                       *
                       * save last optical depth ".opd"                                                  *
                       * save last element hydrogen ".ele_H"                                             *
                       * save last element helium ".ele_He"                                              *
                       * save last element carbon ".ele_C"                                               *
                       * save last element nitrogen ".ele_N"                                             *
                       * save last element oxygen ".ele_O"                                               *
                       * save last element argon ".ele_Ar"                                               *
                       * save last element neon ".ele_Ne"                                                *
                       * save last element sulphur ".ele_S"                                              *
                       * save last element chlorin ".ele_Cl"                                             *
                       * save last element iron ".ele_Fe"                                                *
                       * save last element silicon ".ele_Si"                                             *
                       * save last lines emissivity ".emis"                                              *
                       *                                                                                 *
                       ***********************************************************************************



 NOTE Setcon: continuum has zero intensity starting at  3.0447e-09 Ryd.
  3242 cells in the incident continuum have zero intensity.  Problems???

           9244CellPeak1.00E+00   Lo 3.04e-09=  29.98m   Hi-Con:7.13E+06 Ryd   E(hi):7.35E+06Ryd     E(hi):     100.00 MeV
           I(nu>1ryd):  -3.7615   Average nu:2.650E+00   I( X-ray):  -4.7287   I(BalC):  -4.2726     Phi(BalmrC):   6.6591
           phi(1.0-1.8): 6.1930   phi(1.8-4.0):  6.040   phi(4.0-20):  5.524   phi(20--):  3.890     Ion pht flx:2.998E+06
           I(gam ray):  -8.9096   phi(gam r):  -2.1722   I(Infred):  -4.9029   Alf(ox):  -1.3861     Total inten:  -3.6214
           U(1.0----):1.000E-03   U(4.0----):1.141E-04   T(En-Den):1.013E+00   T(Comp):2.494E+06     nuJnu(912A):6.622E-05
           Occ(FarIR):0.000E+00   Occ(H n=6):7.103E-17   Occ(1Ryd):3.054E-21   Occ(4R):1.084E-23     Occ (Nu-hi):0.000E+00
           Tbr(FarIR):0.000E+00   Tbr(H n=6):3.111E-13   Tbr(1Ryd):4.821E-16   Tbr(4R):6.858E-18     Tbr (Nu-hi):0.000E+00
  
                                                  Gas Phase Chemical Composition
        H :  0.0000  He: -1.0000  C : -4.0088  N : -4.7690  O : -3.5317  Ne: -4.0000  Na: -6.3686  Mg: -5.1586  Al: -7.5302
        Si: -5.9825  P : -7.0969  S : -4.7352  Cl: -7.1169  Ar: -5.6003  K : -7.4023  Mn: -7.8416  Fe: -6.5498  Ni: -7.7496
                                                          
 
                                                    Grain Chemical Composition
                                  C : -3.5553  O : -3.8821  Mg: -4.4841  Si: -4.4841  Fe: -4.4841
                                                   Sum Atoms Depleted: -3.3541
                                                   Depletion/Grains-1: -12.90%
 
              Number of grains per hydrogen (scale=1)                         Mass of grains per hydrogen (scale=1)
        Carbonaceous: -9.811  Silicate: -9.748  PAH: -30.000         Carbonaceous: -2.476  Silicate: -2.248  PAH: -30.000

 ####  1  Te:1.245E+04 Hden:1.000E-01 Ne:1.148E-01 R:3.086E+22 R-R0:9.666E+16 dR:1.933E+17 NTR:  8 Htot:6.723E-26 T912: 8.92e-04###
 Hydrogen      7.03e-03 9.93e-01 H+o/Hden 1.00e+00 0.00e+00 H-    H2 0.00e+00 0.00e+00 H2+ HeH+ 0.00e+00 Ho+ ColD 1.36e+14 1.92e+16
 Helium        3.99e-03 4.76e-01 5.20e-01 HeI 2s3S 7.12e-11 Comp H,C 3.04e-32 1.52e-34 Fill Fac 1.00e+00 Gam1/tot 1.00e+00
 He singlet n  3.99e-03 9.46e-18 7.74e-24 5.88e-24 5.93e-24 8.57e-24 He tripl 7.12e-11 6.49e-22 1.43e-23 1.45e-22 2.36e-23
 Pressure      NgasTgas 2.80e+03 P(total) 3.87e-13 P( gas ) 3.87e-13 P(Radtn) 0.00e+00 Rad accl 7.20e-11 ForceMul 2.79e+04
 Texc(La)      2.55e+03 T(I con) 1.01e+00 T(D con) 1.15e-01 T(U tot) 1.01e+00 nT (c+d) 2.73e+05 Prad/Gas 0.00e+00 Pmag/Gas 0.00e+00
 gra-ism01  *  DustTemp 1.31e+01 Pot Volt-1.01e+00 Chrg (e)-5.14e+00 drf cm/s 8.90e+03 Heating: 2.68e-28 Frac tot 3.99e-03
 gra-ism02  *  DustTemp 1.27e+01 Pot Volt-1.02e+00 Chrg (e)-7.23e+00 drf cm/s 1.22e+04 Heating: 2.09e-28 Frac tot 3.11e-03
 gra-ism03  *  DustTemp 1.23e+01 Pot Volt-1.11e+00 Chrg (e)-1.10e+01 drf cm/s 1.54e+04 Heating: 1.51e-28 Frac tot 2.25e-03
 gra-ism04  *  DustTemp 1.17e+01 Pot Volt-1.21e+00 Chrg (e)-1.71e+01 drf cm/s 1.77e+04 Heating: 1.06e-28 Frac tot 1.58e-03
 gra-ism05  *  DustTemp 1.12e+01 Pot Volt-1.31e+00 Chrg (e)-2.69e+01 drf cm/s 1.93e+04 Heating: 7.40e-29 Frac tot 1.10e-03
 gra-ism06  *  DustTemp 1.06e+01 Pot Volt-1.41e+00 Chrg (e)-4.22e+01 drf cm/s 2.03e+04 Heating: 5.14e-29 Frac tot 7.64e-04
 gra-ism07  *  DustTemp 1.00e+01 Pot Volt-1.50e+00 Chrg (e)-6.55e+01 drf cm/s 2.06e+04 Heating: 3.61e-29 Frac tot 5.37e-04
 gra-ism08  *  DustTemp 9.39e+00 Pot Volt-1.56e+00 Chrg (e)-1.01e+02 drf cm/s 2.04e+04 Heating: 2.59e-29 Frac tot 3.85e-04
 gra-ism09  *  DustTemp 8.79e+00 Pot Volt-1.61e+00 Chrg (e)-1.53e+02 drf cm/s 1.99e+04 Heating: 1.90e-29 Frac tot 2.83e-04
 gra-ism10  *  DustTemp 8.19e+00 Pot Volt-1.64e+00 Chrg (e)-2.29e+02 drf cm/s 1.94e+04 Heating: 1.43e-29 Frac tot 2.13e-04
 sil-ism01  *  DustTemp 1.34e+01 Pot Volt-1.48e+00 Chrg (e)-7.10e+00 drf cm/s 7.88e+03 Heating: 1.61e-28 Frac tot 2.39e-03
 sil-ism02  *  DustTemp 1.31e+01 Pot Volt-1.44e+00 Chrg (e)-9.78e+00 drf cm/s 1.09e+04 Heating: 1.32e-28 Frac tot 1.97e-03
 sil-ism03  *  DustTemp 1.26e+01 Pot Volt-1.43e+00 Chrg (e)-1.39e+01 drf cm/s 1.41e+04 Heating: 1.02e-28 Frac tot 1.52e-03
 sil-ism04  *  DustTemp 1.21e+01 Pot Volt-1.46e+00 Chrg (e)-2.05e+01 drf cm/s 1.69e+04 Heating: 7.52e-29 Frac tot 1.12e-03
 sil-ism05  *  DustTemp 1.15e+01 Pot Volt-1.53e+00 Chrg (e)-3.10e+01 drf cm/s 1.87e+04 Heating: 5.34e-29 Frac tot 7.95e-04
 sil-ism06  *  DustTemp 1.09e+01 Pot Volt-1.61e+00 Chrg (e)-4.79e+01 drf cm/s 1.98e+04 Heating: 3.73e-29 Frac tot 5.55e-04
 sil-ism07  *  DustTemp 1.03e+01 Pot Volt-1.68e+00 Chrg (e)-7.35e+01 drf cm/s 2.04e+04 Heating: 2.60e-29 Frac tot 3.87e-04
 sil-ism08  *  DustTemp 9.63e+00 Pot Volt-1.74e+00 Chrg (e)-1.12e+02 drf cm/s 2.05e+04 Heating: 1.85e-29 Frac tot 2.75e-04
 sil-ism09  *  DustTemp 9.03e+00 Pot Volt-1.78e+00 Chrg (e)-1.69e+02 drf cm/s 2.03e+04 Heating: 1.34e-29 Frac tot 2.00e-04
 sil-ism10  *  DustTemp 8.46e+00 Pot Volt-1.80e+00 Chrg (e)-2.52e+02 drf cm/s 1.99e+04 Heating: 1.00e-29 Frac tot 1.49e-04
 Lithium       0.00e+00 0.00e+00 0.00e+00 0.00e+00 Berylliu 0.00e+00 0.00e+00 0.00e+00 0.00e+00 0.00e+00 sec ion: 2.25e-17
 Carbon        3.60e-04 1.29e-01 7.98e-01 7.00e-02 3.16e-03 2.39e-07 0.00e+00 H2O+/O   0.00e+00 OH+/Otot 0.00e+00 Hex(tot) 0.00e+00
 Nitrogen      4.27e-04 1.46e-01 7.52e-01 9.96e-02 2.04e-03 1.22e-05 0.00e+00 0.00e+00 O2/Ototl 0.00e+00 O2+/Otot 0.00e+00
 Oxygen        1.13e-03 1.44e-01 7.10e-01 1.41e-01 4.48e-03 1.92e-05 0.00e+00 0.00e+00 0.00e+00
 Neon          7.44e-05 3.91e-02 8.18e-01 1.39e-01 3.71e-03 1.57e-05 0.00e+00 0.00e+00 0.00e+00 0.00e+00 0.00e+00
 Sodium        6.74e-06 3.26e-02 7.19e-01 2.27e-01 2.14e-02 6.56e-05 1.57e-07 0.00e+00 0.00e+00 0.00e+00 0.00e+00 0.00e+00
 Magnesium     1.98e-03 3.12e-02 8.54e-01 1.09e-01 3.71e-03 2.61e-05 0.00e+00 0.00e+00 0.00e+00 0.00e+00 0.00e+00 0.00e+00 0.00e+00
 Aluminium  0  1.85e-04 1.39e-01 1.33e-01 6.44e-01 8.26e-02 6.59e-04 1.18e-06 0.00e+00 0.00e+00 0.00e+00 0.00e+00 0.00e+00 0.00e+00
 Silicon    0  4.08e-04 1.70e-01 6.01e-01 2.03e-01 2.55e-02 1.73e-04 4.15e-07 0.00e+00 0.00e+00 0.00e+00 0.00e+00 0.00e+00 0.00e+00
 Phosphorus 0  1.89e-04 3.42e-01 5.40e-01 1.05e-01 1.17e-02 1.12e-03 2.52e-06 0.00e+00 0.00e+00 0.00e+00 0.00e+00 0.00e+00 0.00e+00
 Sulphur    0  1.65e-04 1.24e-01 7.52e-01 1.19e-01 4.35e-03 5.26e-04 2.84e-05 0.00e+00 0.00e+00 0.00e+00 0.00e+00 0.00e+00 0.00e+00
 Chlorine   0  1.18e-04 1.61e-01 6.97e-01 1.38e-01 4.36e-03 1.78e-04 1.26e-05 5.22e-07 0.00e+00 0.00e+00 0.00e+00 0.00e+00 0.00e+00
 Argon      0  3.43e-05 2.19e-02 8.93e-01 8.16e-02 2.89e-03 8.91e-05 1.58e-06 2.67e-07 0.00e+00 0.00e+00 0.00e+00 0.00e+00 0.00e+00
 Potassium  0  6.22e-06 1.40e-01 7.54e-01 1.02e-01 3.72e-03 5.29e-05 1.33e-06 0.00e+00 0.00e+00 0.00e+00 0.00e+00 0.00e+00 0.00e+00
 Manganese  0  2.87e-06 1.39e-02 5.07e-01 2.83e-01 1.83e-01 1.29e-02 2.26e-04 1.08e-06 0.00e+00 0.00e+00 0.00e+00 0.00e+00 0.00e+00
 Iron       0  3.63e-06 8.93e-03 2.52e-01 5.53e-01 1.70e-01 1.59e-02 3.73e-04 4.15e-06 0.00e+00 0.00e+00 0.00e+00 0.00e+00 0.00e+00
 Nickel     0  1.04e-05 3.99e-02 4.10e-01 3.32e-01 1.97e-01 2.06e-02 7.74e-04 1.02e-05 0.00e+00 0.00e+00 0.00e+00 0.00e+00 0.00e+00



 PROBLEM DISASTER
 An assert has been thrown, this is bad.
 Failed: wid == 0.
 It happened in the file grains_qheat.cpp at line number 2047
 This is iteration 1, nzone 115, fzone 115.06, lgSearch=F.



           vvvvvvvvvvvvvvvvvvvvvvvvvvvvvvvvvvvvvvvvv 
          > PROBLEM DISASTER PROBLEM DISASTER.      <
          > Sorry, something bad has happened.      <
          > Please post this on the Cloudy web site <
          > discussion board at www.nublado.org     <
          > Please send all following information:  <
           ^^^^^^^^^^^^^^^^^^^^^^^^^^^^^^^^^^^^^^^^^ 


 Cloudy version number is 23.01
 Cloudy compiled on Jul  4 2024 in OS Apple MacOS using the clang++ 1500 compiler. Mode I32LP64, denormalized float: T double: T.
 PRNG seed: 0xd2db0a60801d8b20

    0 warnings,  0 cautions,  0 temperature failures.

 Input commands follow:
c ======================
title my model grid -1.00 0.20 8.00
set punch prefix "my_model_grid_-3_1_-1_33"
radius 10000 linear parsecs
#distance = 15000.0 parsecs linear
table SED "cloudy_continuum_model_33.sed"
ionization parameter -3.00
#luminosity 45
hden -1
grains ism
metals deplete
metals and grains 1
element scale factor nitrogen 0.2
no molecules
no level2 lines
no fine opacities
atom h-like levels small
atom he-like levels small
COSMIC RAY BACKGROUND
element limit off -8
print line optical depth
iterate to convergence
save last linelist ".lin" "/Users/lupj/Cloudy/data/CloudyLines.dat" absolute column
stop radius 20000 linear parsecs
save last radius ".rad"
save last continuum ".cont"
save last physical conditions ".phy"
save last overview ".ovr"
save last heating ".heat"
save last cooling ".cool"
save last optical depth ".opd"
save last element hydrogen ".ele_H"
save last element helium ".ele_He"
save last element carbon ".ele_C"
save last element nitrogen ".ele_N"
save last element oxygen ".ele_O"
save last element argon ".ele_Ar"
save last element neon ".ele_Ne"
save last element sulphur ".ele_S"
save last element chlorin ".ele_Cl"
save last element iron ".ele_Fe"
save last element silicon ".ele_Si"
save last lines emissivity ".emis"
H  1  4340.94A
H  1  4861.36A
H  1  6562.85A
Ca B  5875.64A
N  2  6583.45A
O  1  6300.30A
O  2  3726.03A
O  2  3728.81A
O  3  5006.84A
BLND  4363.00A
S  2  6716.44A
S  2  6730.82A
Cl 3  5517.71A
Cl 3  5537.87A
O  1  63.1679m
O  1  145.495m
C  2  157.636m
He 2  4686.01A
end of lines
c ======================

PRNG seed: 0xd2db0a60801d8b20

Backtrace follows:

1   cloudy.exe                          0x00000001025bce34 bad_assert::bad_assert(char const*, long, char const*) + 56
2   cloudy.exe                          0x000000010262e1c4 qheat(std::__1::vector<double, std::__1::allocator<double>>&, std::__1::vector<double, std::__1::allocator<double>>&, long*, unsigned long) + 14472
3   cloudy.exe                          0x000000010262a28c GrainMakeDiffuse() + 724
4   cloudy.exe                          0x0000000102790b70 RT_diffuse() + 4788
5   cloudy.exe                          0x00000001025c2238 cloudy() + 536
6   cloudy.exe                          0x00000001025bd0a0 cdDrive() + 388
7   cloudy.exe                          0x0000000102581630 cdMain(int, char const**) + 2916
8   cloudy.exe                          0x0000000102580078 main + 1384
9   dyld                                0x0000000192103f28 start + 2236

